{"/Users/marcuschandler/Desktop/react-bar-chart/src/BarChart/BarChart.tsx": {"path":"/Users/marcuschandler/Desktop/react-bar-chart/src/BarChart/BarChart.tsx","statementMap":{"0":{"start":{"line":19,"column":42},"end":{"line":42,"column":1}},"1":{"start":{"line":20,"column":4},"end":{"line":41,"column":5}}},"fnMap":{"0":{"name":"(anonymous_0)","decl":{"start":{"line":19,"column":42},"end":{"line":19,"column":43}},"loc":{"start":{"line":19,"column":68},"end":{"line":42,"column":1}},"line":19}},"branchMap":{},"s":{"0":1,"1":1},"f":{"0":1},"b":{},"_coverageSchema":"43e27e138ebf9cfc5966b082cf9a028302ed4184","hash":"185f6c5652d3f22a64b3b4ebe1c2492ead704b3f"}
,"/Users/marcuschandler/Desktop/react-bar-chart/src/BarChart/components/AxisTickLabel/AxisTickLabel.tsx": {"path":"/Users/marcuschandler/Desktop/react-bar-chart/src/BarChart/components/AxisTickLabel/AxisTickLabel.tsx","statementMap":{"0":{"start":{"line":12,"column":52},"end":{"line":41,"column":1}},"1":{"start":{"line":13,"column":16},"end":{"line":13,"column":24}},"2":{"start":{"line":14,"column":42},"end":{"line":14,"column":53}},"3":{"start":{"line":15,"column":42},"end":{"line":15,"column":53}},"4":{"start":{"line":17,"column":4},"end":{"line":26,"column":19}},"5":{"start":{"line":18,"column":8},"end":{"line":22,"column":9}},"6":{"start":{"line":19,"column":12},"end":{"line":19,"column":100}},"7":{"start":{"line":21,"column":12},"end":{"line":21,"column":19}},"8":{"start":{"line":23,"column":8},"end":{"line":23,"column":97}},"9":{"start":{"line":24,"column":8},"end":{"line":24,"column":97}},"10":{"start":{"line":28,"column":4},"end":{"line":40,"column":6}}},"fnMap":{"0":{"name":"(anonymous_0)","decl":{"start":{"line":12,"column":52},"end":{"line":12,"column":53}},"loc":{"start":{"line":12,"column":83},"end":{"line":41,"column":1}},"line":12},"1":{"name":"(anonymous_1)","decl":{"start":{"line":17,"column":14},"end":{"line":17,"column":15}},"loc":{"start":{"line":17,"column":20},"end":{"line":25,"column":5}},"line":17}},"branchMap":{"0":{"loc":{"start":{"line":18,"column":8},"end":{"line":22,"column":9}},"type":"if","locations":[{"start":{"line":18,"column":8},"end":{"line":22,"column":9}},{"start":{"line":18,"column":8},"end":{"line":22,"column":9}}],"line":18}},"s":{"0":1,"1":18,"2":18,"3":18,"4":18,"5":12,"6":8,"7":8,"8":4,"9":4,"10":18},"f":{"0":18,"1":12},"b":{"0":[8,4]},"_coverageSchema":"43e27e138ebf9cfc5966b082cf9a028302ed4184","hash":"7bc74aea35071f10d07eb04eef9869dc487a6ef5"}
,"/Users/marcuschandler/Desktop/react-bar-chart/src/BarChart/components/Bar/Bar.tsx": {"path":"/Users/marcuschandler/Desktop/react-bar-chart/src/BarChart/components/Bar/Bar.tsx","statementMap":{"0":{"start":{"line":27,"column":17},"end":{"line":27,"column":59}},"1":{"start":{"line":28,"column":33},"end":{"line":28,"column":73}},"2":{"start":{"line":30,"column":4},"end":{"line":32,"column":5}},"3":{"start":{"line":31,"column":8},"end":{"line":31,"column":111}},"4":{"start":{"line":34,"column":4},"end":{"line":34,"column":107}},"5":{"start":{"line":38,"column":4},"end":{"line":38,"column":70}},"6":{"start":{"line":43,"column":4},"end":{"line":45,"column":5}},"7":{"start":{"line":44,"column":8},"end":{"line":44,"column":31}},"8":{"start":{"line":47,"column":4},"end":{"line":47,"column":18}},"9":{"start":{"line":50,"column":32},"end":{"line":75,"column":1}},"10":{"start":{"line":52,"column":14},"end":{"line":52,"column":36}},"11":{"start":{"line":53,"column":19},"end":{"line":53,"column":44}},"12":{"start":{"line":54,"column":22},"end":{"line":54,"column":41}},"13":{"start":{"line":55,"column":22},"end":{"line":55,"column":53}},"14":{"start":{"line":56,"column":19},"end":{"line":62,"column":8}},"15":{"start":{"line":57,"column":8},"end":{"line":59,"column":9}},"16":{"start":{"line":58,"column":12},"end":{"line":58,"column":37}},"17":{"start":{"line":61,"column":8},"end":{"line":61,"column":100}},"18":{"start":{"line":64,"column":4},"end":{"line":74,"column":6}}},"fnMap":{"0":{"name":"getBarEndingHeight","decl":{"start":{"line":26,"column":9},"end":{"line":26,"column":27}},"loc":{"start":{"line":26,"column":53},"end":{"line":35,"column":1}},"line":26},"1":{"name":"getZeroPoint","decl":{"start":{"line":37,"column":9},"end":{"line":37,"column":21}},"loc":{"start":{"line":37,"column":47},"end":{"line":39,"column":1}},"line":37},"2":{"name":"getY","decl":{"start":{"line":41,"column":9},"end":{"line":41,"column":13}},"loc":{"start":{"line":41,"column":61},"end":{"line":48,"column":1}},"line":41},"3":{"name":"(anonymous_3)","decl":{"start":{"line":50,"column":32},"end":{"line":50,"column":33}},"loc":{"start":{"line":50,"column":53},"end":{"line":75,"column":1}},"line":50},"4":{"name":"(anonymous_4)","decl":{"start":{"line":56,"column":20},"end":{"line":56,"column":21}},"loc":{"start":{"line":56,"column":26},"end":{"line":62,"column":5}},"line":56}},"branchMap":{"0":{"loc":{"start":{"line":30,"column":4},"end":{"line":32,"column":5}},"type":"if","locations":[{"start":{"line":30,"column":4},"end":{"line":32,"column":5}},{"start":{"line":30,"column":4},"end":{"line":32,"column":5}}],"line":30},"1":{"loc":{"start":{"line":43,"column":4},"end":{"line":45,"column":5}},"type":"if","locations":[{"start":{"line":43,"column":4},"end":{"line":45,"column":5}},{"start":{"line":43,"column":4},"end":{"line":45,"column":5}}],"line":43},"2":{"loc":{"start":{"line":57,"column":8},"end":{"line":59,"column":9}},"type":"if","locations":[{"start":{"line":57,"column":8},"end":{"line":59,"column":9}},{"start":{"line":57,"column":8},"end":{"line":59,"column":9}}],"line":57},"3":{"loc":{"start":{"line":68,"column":23},"end":{"line":68,"column":87}},"type":"cond-expr","locations":[{"start":{"line":68,"column":43},"end":{"line":68,"column":66}},{"start":{"line":68,"column":69},"end":{"line":68,"column":87}}],"line":68}},"s":{"0":18,"1":18,"2":18,"3":6,"4":12,"5":18,"6":18,"7":6,"8":12,"9":1,"10":19,"11":18,"12":18,"13":18,"14":18,"15":18,"16":6,"17":12,"18":18},"f":{"0":18,"1":18,"2":18,"3":19,"4":18},"b":{"0":[6,12],"1":[6,12],"2":[6,12],"3":[12,6]},"_coverageSchema":"43e27e138ebf9cfc5966b082cf9a028302ed4184","hash":"8fa8b649b9a5472591873ef63977f503ae43a048"}
,"/Users/marcuschandler/Desktop/react-bar-chart/src/BarChart/components/Bar/utils/getBarXPosition.ts": {"path":"/Users/marcuschandler/Desktop/react-bar-chart/src/BarChart/components/Bar/utils/getBarXPosition.ts","statementMap":{"0":{"start":{"line":7,"column":21},"end":{"line":7,"column":56}},"1":{"start":{"line":8,"column":35},"end":{"line":8,"column":75}},"2":{"start":{"line":10,"column":4},"end":{"line":17,"column":5}},"3":{"start":{"line":12,"column":12},"end":{"line":12,"column":83}},"4":{"start":{"line":14,"column":12},"end":{"line":14,"column":81}},"5":{"start":{"line":16,"column":12},"end":{"line":16,"column":79}},"6":{"start":{"line":21,"column":24},"end":{"line":21,"column":75}},"7":{"start":{"line":23,"column":4},"end":{"line":30,"column":5}},"8":{"start":{"line":24,"column":21},"end":{"line":24,"column":51}},"9":{"start":{"line":26,"column":8},"end":{"line":29,"column":33}},"10":{"start":{"line":32,"column":4},"end":{"line":35,"column":29}},"11":{"start":{"line":39,"column":24},"end":{"line":39,"column":75}},"12":{"start":{"line":41,"column":4},"end":{"line":48,"column":5}},"13":{"start":{"line":42,"column":21},"end":{"line":42,"column":51}},"14":{"start":{"line":44,"column":8},"end":{"line":47,"column":33}},"15":{"start":{"line":50,"column":4},"end":{"line":53,"column":30}}},"fnMap":{"0":{"name":"getBarXPosition","decl":{"start":{"line":6,"column":16},"end":{"line":6,"column":31}},"loc":{"start":{"line":6,"column":57},"end":{"line":18,"column":1}},"line":6},"1":{"name":"getNumericBarXPosition","decl":{"start":{"line":20,"column":9},"end":{"line":20,"column":31}},"loc":{"start":{"line":20,"column":107},"end":{"line":36,"column":1}},"line":20},"2":{"name":"getNamedBarXPosition","decl":{"start":{"line":38,"column":9},"end":{"line":38,"column":29}},"loc":{"start":{"line":38,"column":105},"end":{"line":54,"column":1}},"line":38}},"branchMap":{"0":{"loc":{"start":{"line":10,"column":4},"end":{"line":17,"column":5}},"type":"switch","locations":[{"start":{"line":11,"column":8},"end":{"line":12,"column":83}},{"start":{"line":13,"column":8},"end":{"line":14,"column":81}},{"start":{"line":15,"column":8},"end":{"line":16,"column":79}}],"line":10},"1":{"loc":{"start":{"line":23,"column":4},"end":{"line":30,"column":5}},"type":"if","locations":[{"start":{"line":23,"column":4},"end":{"line":30,"column":5}},{"start":{"line":23,"column":4},"end":{"line":30,"column":5}}],"line":23},"2":{"loc":{"start":{"line":41,"column":4},"end":{"line":48,"column":5}},"type":"if","locations":[{"start":{"line":41,"column":4},"end":{"line":48,"column":5}},{"start":{"line":41,"column":4},"end":{"line":48,"column":5}}],"line":41}},"s":{"0":19,"1":19,"2":19,"3":9,"4":9,"5":1,"6":9,"7":9,"8":3,"9":3,"10":6,"11":9,"12":9,"13":3,"14":3,"15":6},"f":{"0":19,"1":9,"2":9},"b":{"0":[9,9,1],"1":[3,6],"2":[3,6]},"_coverageSchema":"43e27e138ebf9cfc5966b082cf9a028302ed4184","hash":"19f67dbaafecc22c8b39ccf2f88da84343641ea6"}
,"/Users/marcuschandler/Desktop/react-bar-chart/src/BarChart/components/BarPlot/BarPlot.tsx": {"path":"/Users/marcuschandler/Desktop/react-bar-chart/src/BarChart/components/BarPlot/BarPlot.tsx","statementMap":{"0":{"start":{"line":21,"column":40},"end":{"line":75,"column":1}},"1":{"start":{"line":22,"column":19},"end":{"line":22,"column":63}},"2":{"start":{"line":24,"column":92},"end":{"line":48,"column":5}},"3":{"start":{"line":25,"column":8},"end":{"line":47,"column":11}},"4":{"start":{"line":30,"column":12},"end":{"line":44,"column":13}},"5":{"start":{"line":31,"column":16},"end":{"line":43,"column":18}},"6":{"start":{"line":46,"column":12},"end":{"line":46,"column":24}},"7":{"start":{"line":51,"column":19},"end":{"line":51,"column":63}},"8":{"start":{"line":52,"column":19},"end":{"line":52,"column":63}},"9":{"start":{"line":53,"column":22},"end":{"line":53,"column":93}},"10":{"start":{"line":54,"column":31},"end":{"line":54,"column":70}},"11":{"start":{"line":56,"column":4},"end":{"line":74,"column":6}},"12":{"start":{"line":60,"column":55},"end":{"line":68,"column":21}},"13":{"start":{"line":70,"column":20},"end":{"line":70,"column":66}}},"fnMap":{"0":{"name":"(anonymous_0)","decl":{"start":{"line":21,"column":40},"end":{"line":21,"column":41}},"loc":{"start":{"line":21,"column":65},"end":{"line":75,"column":1}},"line":21},"1":{"name":"(anonymous_1)","decl":{"start":{"line":24,"column":92},"end":{"line":24,"column":93}},"loc":{"start":{"line":24,"column":116},"end":{"line":48,"column":5}},"line":24},"2":{"name":"(anonymous_2)","decl":{"start":{"line":26,"column":12},"end":{"line":26,"column":13}},"loc":{"start":{"line":29,"column":17},"end":{"line":47,"column":9}},"line":29},"3":{"name":"(anonymous_3)","decl":{"start":{"line":59,"column":32},"end":{"line":59,"column":33}},"loc":{"start":{"line":59,"column":75},"end":{"line":71,"column":17}},"line":59}},"branchMap":{"0":{"loc":{"start":{"line":30,"column":12},"end":{"line":44,"column":13}},"type":"if","locations":[{"start":{"line":30,"column":12},"end":{"line":44,"column":13}},{"start":{"line":30,"column":12},"end":{"line":44,"column":13}}],"line":30},"1":{"loc":{"start":{"line":30,"column":16},"end":{"line":30,"column":52}},"type":"binary-expr","locations":[{"start":{"line":30,"column":16},"end":{"line":30,"column":32}},{"start":{"line":30,"column":36},"end":{"line":30,"column":52}}],"line":30},"2":{"loc":{"start":{"line":53,"column":22},"end":{"line":53,"column":93}},"type":"cond-expr","locations":[{"start":{"line":53,"column":42},"end":{"line":53,"column":73}},{"start":{"line":53,"column":76},"end":{"line":53,"column":93}}],"line":53}},"s":{"0":1,"1":10,"2":10,"3":10,"4":30,"5":20,"6":10,"7":10,"8":10,"9":10,"10":10,"11":10,"12":10,"13":10},"f":{"0":10,"1":10,"2":30,"3":10},"b":{"0":[20,10],"1":[30,25],"2":[8,2]},"_coverageSchema":"43e27e138ebf9cfc5966b082cf9a028302ed4184","hash":"4a014dff260ec624258ed38550c0cb7ef252cba4"}
,"/Users/marcuschandler/Desktop/react-bar-chart/src/BarChart/components/XAxis/XAxis.tsx": {"path":"/Users/marcuschandler/Desktop/react-bar-chart/src/BarChart/components/XAxis/XAxis.tsx","statementMap":{"0":{"start":{"line":8,"column":35},"end":{"line":19,"column":1}},"1":{"start":{"line":9,"column":21},"end":{"line":9,"column":40}},"2":{"start":{"line":11,"column":4},"end":{"line":18,"column":6}}},"fnMap":{"0":{"name":"(anonymous_0)","decl":{"start":{"line":8,"column":35},"end":{"line":8,"column":36}},"loc":{"start":{"line":8,"column":46},"end":{"line":19,"column":1}},"line":8}},"branchMap":{},"s":{"0":1,"1":12,"2":12},"f":{"0":12},"b":{},"_coverageSchema":"43e27e138ebf9cfc5966b082cf9a028302ed4184","hash":"ee955607557a814a4e7ff1fde60ff26e152eab20"}
,"/Users/marcuschandler/Desktop/react-bar-chart/src/BarChart/components/XAxis/utils/getTickTextXPosition.ts": {"path":"/Users/marcuschandler/Desktop/react-bar-chart/src/BarChart/components/XAxis/utils/getTickTextXPosition.ts","statementMap":{"0":{"start":{"line":12,"column":8},"end":{"line":28,"column":9}},"1":{"start":{"line":15,"column":30},"end":{"line":15,"column":55}},"2":{"start":{"line":17,"column":16},"end":{"line":19,"column":17}},"3":{"start":{"line":18,"column":20},"end":{"line":18,"column":143}},"4":{"start":{"line":21,"column":16},"end":{"line":21,"column":69}},"5":{"start":{"line":24,"column":16},"end":{"line":24,"column":81}},"6":{"start":{"line":27,"column":16},"end":{"line":27,"column":108}},"7":{"start":{"line":32,"column":18},"end":{"line":32,"column":57}},"8":{"start":{"line":33,"column":22},"end":{"line":33,"column":49}},"9":{"start":{"line":34,"column":21},"end":{"line":34,"column":42}},"10":{"start":{"line":35,"column":35},"end":{"line":35,"column":75}},"11":{"start":{"line":36,"column":4},"end":{"line":40,"column":5}},"12":{"start":{"line":37,"column":21},"end":{"line":37,"column":49}},"13":{"start":{"line":39,"column":8},"end":{"line":39,"column":109}},"14":{"start":{"line":42,"column":4},"end":{"line":42,"column":14}}},"fnMap":{"0":{"name":"getTickTextXPosition","decl":{"start":{"line":6,"column":16},"end":{"line":6,"column":36}},"loc":{"start":{"line":10,"column":59},"end":{"line":29,"column":5}},"line":10},"1":{"name":"getNumericTickTextXPosition","decl":{"start":{"line":31,"column":9},"end":{"line":31,"column":36}},"loc":{"start":{"line":31,"column":86},"end":{"line":43,"column":1}},"line":31}},"branchMap":{"0":{"loc":{"start":{"line":12,"column":8},"end":{"line":28,"column":9}},"type":"switch","locations":[{"start":{"line":13,"column":12},"end":{"line":13,"column":41}},{"start":{"line":14,"column":12},"end":{"line":21,"column":69}},{"start":{"line":23,"column":12},"end":{"line":24,"column":81}},{"start":{"line":26,"column":12},"end":{"line":27,"column":108}}],"line":12},"1":{"loc":{"start":{"line":17,"column":16},"end":{"line":19,"column":17}},"type":"if","locations":[{"start":{"line":17,"column":16},"end":{"line":19,"column":17}},{"start":{"line":17,"column":16},"end":{"line":19,"column":17}}],"line":17},"2":{"loc":{"start":{"line":36,"column":4},"end":{"line":40,"column":5}},"type":"if","locations":[{"start":{"line":36,"column":4},"end":{"line":40,"column":5}},{"start":{"line":36,"column":4},"end":{"line":40,"column":5}}],"line":36},"3":{"loc":{"start":{"line":36,"column":8},"end":{"line":36,"column":71}},"type":"binary-expr","locations":[{"start":{"line":36,"column":8},"end":{"line":36,"column":20}},{"start":{"line":36,"column":24},"end":{"line":36,"column":71}}],"line":36}},"s":{"0":53,"1":51,"2":51,"3":3,"4":48,"5":1,"6":1,"7":49,"8":49,"9":49,"10":49,"11":49,"12":17,"13":17,"14":32},"f":{"0":53,"1":49},"b":{"0":[46,51,1,1],"1":[3,48],"2":[17,32],"3":[49,32]},"_coverageSchema":"43e27e138ebf9cfc5966b082cf9a028302ed4184","hash":"9efc4f2f01d434548efe31d080b96cf1e53b2a26"}
,"/Users/marcuschandler/Desktop/react-bar-chart/src/BarChart/components/XAxis/utils/getTickXPosition.ts": {"path":"/Users/marcuschandler/Desktop/react-bar-chart/src/BarChart/components/XAxis/utils/getTickXPosition.ts","statementMap":{"0":{"start":{"line":11,"column":8},"end":{"line":27,"column":5}},"1":{"start":{"line":14,"column":26},"end":{"line":14,"column":51}},"2":{"start":{"line":16,"column":12},"end":{"line":18,"column":13}},"3":{"start":{"line":17,"column":16},"end":{"line":17,"column":139}},"4":{"start":{"line":20,"column":12},"end":{"line":20,"column":57}},"5":{"start":{"line":23,"column":12},"end":{"line":23,"column":69}},"6":{"start":{"line":26,"column":12},"end":{"line":26,"column":99}},"7":{"start":{"line":31,"column":18},"end":{"line":31,"column":57}},"8":{"start":{"line":32,"column":22},"end":{"line":32,"column":49}},"9":{"start":{"line":33,"column":21},"end":{"line":33,"column":42}},"10":{"start":{"line":34,"column":35},"end":{"line":34,"column":75}},"11":{"start":{"line":36,"column":4},"end":{"line":40,"column":5}},"12":{"start":{"line":37,"column":21},"end":{"line":37,"column":41}},"13":{"start":{"line":39,"column":8},"end":{"line":39,"column":111}},"14":{"start":{"line":42,"column":4},"end":{"line":42,"column":98}}},"fnMap":{"0":{"name":"getTickXPosition","decl":{"start":{"line":6,"column":16},"end":{"line":6,"column":32}},"loc":{"start":{"line":9,"column":59},"end":{"line":28,"column":1}},"line":9},"1":{"name":"getNumericTickXPosition","decl":{"start":{"line":30,"column":9},"end":{"line":30,"column":32}},"loc":{"start":{"line":30,"column":70},"end":{"line":43,"column":1}},"line":30}},"branchMap":{"0":{"loc":{"start":{"line":11,"column":8},"end":{"line":27,"column":5}},"type":"switch","locations":[{"start":{"line":12,"column":8},"end":{"line":12,"column":37}},{"start":{"line":13,"column":8},"end":{"line":20,"column":57}},{"start":{"line":22,"column":8},"end":{"line":23,"column":69}},{"start":{"line":25,"column":8},"end":{"line":26,"column":99}}],"line":11},"1":{"loc":{"start":{"line":16,"column":12},"end":{"line":18,"column":13}},"type":"if","locations":[{"start":{"line":16,"column":12},"end":{"line":18,"column":13}},{"start":{"line":16,"column":12},"end":{"line":18,"column":13}}],"line":16},"2":{"loc":{"start":{"line":36,"column":4},"end":{"line":40,"column":5}},"type":"if","locations":[{"start":{"line":36,"column":4},"end":{"line":40,"column":5}},{"start":{"line":36,"column":4},"end":{"line":40,"column":5}}],"line":36},"3":{"loc":{"start":{"line":36,"column":8},"end":{"line":36,"column":71}},"type":"binary-expr","locations":[{"start":{"line":36,"column":8},"end":{"line":36,"column":20}},{"start":{"line":36,"column":24},"end":{"line":36,"column":71}}],"line":36}},"s":{"0":53,"1":51,"2":51,"3":3,"4":48,"5":1,"6":1,"7":49,"8":49,"9":49,"10":49,"11":49,"12":17,"13":17,"14":32},"f":{"0":53,"1":49},"b":{"0":[46,51,1,1],"1":[3,48],"2":[17,32],"3":[49,32]},"_coverageSchema":"43e27e138ebf9cfc5966b082cf9a028302ed4184","hash":"b7baf3cd97271bf48f23b525ecf3e99e3e7a8f77"}
,"/Users/marcuschandler/Desktop/react-bar-chart/src/BarChart/components/XAxis/utils/getXAxisYPos.ts": {"path":"/Users/marcuschandler/Desktop/react-bar-chart/src/BarChart/components/XAxis/utils/getXAxisYPos.ts","statementMap":{"0":{"start":{"line":4,"column":18},"end":{"line":4,"column":57}},"1":{"start":{"line":5,"column":21},"end":{"line":5,"column":42}},"2":{"start":{"line":6,"column":33},"end":{"line":6,"column":73}},"3":{"start":{"line":7,"column":4},"end":{"line":9,"column":5}},"4":{"start":{"line":8,"column":8},"end":{"line":8,"column":33}},"5":{"start":{"line":10,"column":4},"end":{"line":10,"column":87}}},"fnMap":{"0":{"name":"getXAxisYPos","decl":{"start":{"line":3,"column":16},"end":{"line":3,"column":28}},"loc":{"start":{"line":3,"column":55},"end":{"line":11,"column":1}},"line":3}},"branchMap":{"0":{"loc":{"start":{"line":7,"column":4},"end":{"line":9,"column":5}},"type":"if","locations":[{"start":{"line":7,"column":4},"end":{"line":9,"column":5}},{"start":{"line":7,"column":4},"end":{"line":9,"column":5}}],"line":7}},"s":{"0":12,"1":12,"2":12,"3":12,"4":3,"5":9},"f":{"0":12},"b":{"0":[3,9]},"_coverageSchema":"43e27e138ebf9cfc5966b082cf9a028302ed4184","hash":"4fc29eab8228266a6c204dcc87e7e31e49c09b05"}
,"/Users/marcuschandler/Desktop/react-bar-chart/src/BarChart/components/XAxisTicks/XAxisTicks.tsx": {"path":"/Users/marcuschandler/Desktop/react-bar-chart/src/BarChart/components/XAxisTicks/XAxisTicks.tsx","statementMap":{"0":{"start":{"line":20,"column":15},"end":{"line":20,"column":79}},"1":{"start":{"line":22,"column":4},"end":{"line":40,"column":6}},"2":{"start":{"line":47,"column":45},"end":{"line":60,"column":1}},"3":{"start":{"line":50,"column":10},"end":{"line":50,"column":52}},"4":{"start":{"line":52,"column":4},"end":{"line":59,"column":10}},"5":{"start":{"line":54,"column":23},"end":{"line":54,"column":73}},"6":{"start":{"line":55,"column":29},"end":{"line":55,"column":87}},"7":{"start":{"line":57,"column":12},"end":{"line":57,"column":80}}},"fnMap":{"0":{"name":"renderTick","decl":{"start":{"line":11,"column":16},"end":{"line":11,"column":26}},"loc":{"start":{"line":19,"column":6},"end":{"line":41,"column":1}},"line":19},"1":{"name":"(anonymous_1)","decl":{"start":{"line":47,"column":45},"end":{"line":47,"column":46}},"loc":{"start":{"line":47,"column":56},"end":{"line":60,"column":1}},"line":47},"2":{"name":"(anonymous_2)","decl":{"start":{"line":53,"column":31},"end":{"line":53,"column":32}},"loc":{"start":{"line":53,"column":90},"end":{"line":58,"column":9}},"line":53}},"branchMap":{"0":{"loc":{"start":{"line":18,"column":4},"end":{"line":18,"column":26}},"type":"default-arg","locations":[{"start":{"line":18,"column":25},"end":{"line":18,"column":26}}],"line":18},"1":{"loc":{"start":{"line":20,"column":15},"end":{"line":20,"column":79}},"type":"cond-expr","locations":[{"start":{"line":20,"column":42},"end":{"line":20,"column":61}},{"start":{"line":20,"column":64},"end":{"line":20,"column":79}}],"line":20}},"s":{"0":45,"1":45,"2":1,"3":12,"4":12,"5":45,"6":45,"7":45},"f":{"0":45,"1":12,"2":45},"b":{"0":[45],"1":[12,33]},"_coverageSchema":"43e27e138ebf9cfc5966b082cf9a028302ed4184","hash":"ab333e5affedeeb46d13cd921979a9c0699c2a94"}
,"/Users/marcuschandler/Desktop/react-bar-chart/src/BarChart/components/YAxis/YAxis.tsx": {"path":"/Users/marcuschandler/Desktop/react-bar-chart/src/BarChart/components/YAxis/YAxis.tsx","statementMap":{"0":{"start":{"line":12,"column":18},"end":{"line":12,"column":57}},"1":{"start":{"line":14,"column":4},"end":{"line":14,"column":78}},"2":{"start":{"line":21,"column":8},"end":{"line":21,"column":50}},"3":{"start":{"line":23,"column":29},"end":{"line":23,"column":68}},"4":{"start":{"line":24,"column":21},"end":{"line":24,"column":42}},"5":{"start":{"line":25,"column":23},"end":{"line":25,"column":65}},"6":{"start":{"line":27,"column":4},"end":{"line":54,"column":6}},"7":{"start":{"line":30,"column":27},"end":{"line":32,"column":36}},"8":{"start":{"line":34,"column":16},"end":{"line":51,"column":18}},"9":{"start":{"line":57,"column":35},"end":{"line":69,"column":1}},"10":{"start":{"line":59,"column":22},"end":{"line":59,"column":41}},"11":{"start":{"line":61,"column":4},"end":{"line":68,"column":6}}},"fnMap":{"0":{"name":"getYAxisXPos","decl":{"start":{"line":11,"column":9},"end":{"line":11,"column":21}},"loc":{"start":{"line":11,"column":48},"end":{"line":15,"column":1}},"line":11},"1":{"name":"renderTicks","decl":{"start":{"line":17,"column":9},"end":{"line":17,"column":20}},"loc":{"start":{"line":17,"column":68},"end":{"line":55,"column":1}},"line":17},"2":{"name":"(anonymous_2)","decl":{"start":{"line":29,"column":35},"end":{"line":29,"column":36}},"loc":{"start":{"line":29,"column":79},"end":{"line":52,"column":13}},"line":29},"3":{"name":"(anonymous_3)","decl":{"start":{"line":57,"column":35},"end":{"line":57,"column":36}},"loc":{"start":{"line":57,"column":46},"end":{"line":69,"column":1}},"line":57}},"branchMap":{"0":{"loc":{"start":{"line":25,"column":23},"end":{"line":25,"column":65}},"type":"cond-expr","locations":[{"start":{"line":25,"column":38},"end":{"line":25,"column":61}},{"start":{"line":25,"column":64},"end":{"line":25,"column":65}}],"line":25}},"s":{"0":2,"1":2,"2":2,"3":2,"4":2,"5":2,"6":2,"7":8,"8":8,"9":1,"10":2,"11":2},"f":{"0":2,"1":2,"2":8,"3":2},"b":{"0":[1,1]},"_coverageSchema":"43e27e138ebf9cfc5966b082cf9a028302ed4184","hash":"3d66d8f92e528171430cc33ccd6f09ec85334d27"}
,"/Users/marcuschandler/Desktop/react-bar-chart/src/BarChart/enums/Axis.ts": {"path":"/Users/marcuschandler/Desktop/react-bar-chart/src/BarChart/enums/Axis.ts","statementMap":{},"fnMap":{},"branchMap":{},"s":{},"f":{},"b":{},"_coverageSchema":"43e27e138ebf9cfc5966b082cf9a028302ed4184","hash":"12fdb3df1f30e4aab1176b9704faaee0ddb2acb2"}
,"/Users/marcuschandler/Desktop/react-bar-chart/src/BarChart/enums/DataType.ts": {"path":"/Users/marcuschandler/Desktop/react-bar-chart/src/BarChart/enums/DataType.ts","statementMap":{},"fnMap":{},"branchMap":{},"s":{},"f":{},"b":{},"_coverageSchema":"43e27e138ebf9cfc5966b082cf9a028302ed4184","hash":"f952e757bae86383e1391653a598b6bfa1143772"}
,"/Users/marcuschandler/Desktop/react-bar-chart/src/BarChart/enums/Placement.ts": {"path":"/Users/marcuschandler/Desktop/react-bar-chart/src/BarChart/enums/Placement.ts","statementMap":{},"fnMap":{},"branchMap":{},"s":{},"f":{},"b":{},"_coverageSchema":"43e27e138ebf9cfc5966b082cf9a028302ed4184","hash":"2686c223ba995a6ee12aff91cc95bcd49a66b21a"}
,"/Users/marcuschandler/Desktop/react-bar-chart/src/BarChart/utils/animationUtils/getEasingFunction/getEasingFunction.ts": {"path":"/Users/marcuschandler/Desktop/react-bar-chart/src/BarChart/utils/animationUtils/getEasingFunction/getEasingFunction.ts","statementMap":{"0":{"start":{"line":2,"column":4},"end":{"line":11,"column":5}},"1":{"start":{"line":4,"column":12},"end":{"line":4,"column":36}},"2":{"start":{"line":4,"column":34},"end":{"line":4,"column":35}},"3":{"start":{"line":6,"column":12},"end":{"line":6,"column":105}},"4":{"start":{"line":6,"column":34},"end":{"line":6,"column":104}},"5":{"start":{"line":8,"column":12},"end":{"line":8,"column":60}},"6":{"start":{"line":8,"column":34},"end":{"line":8,"column":59}},"7":{"start":{"line":10,"column":12},"end":{"line":10,"column":71}}},"fnMap":{"0":{"name":"getEasingFunction","decl":{"start":{"line":1,"column":9},"end":{"line":1,"column":26}},"loc":{"start":{"line":1,"column":41},"end":{"line":12,"column":1}},"line":1},"1":{"name":"(anonymous_1)","decl":{"start":{"line":4,"column":19},"end":{"line":4,"column":20}},"loc":{"start":{"line":4,"column":34},"end":{"line":4,"column":35}},"line":4},"2":{"name":"(anonymous_2)","decl":{"start":{"line":6,"column":19},"end":{"line":6,"column":20}},"loc":{"start":{"line":6,"column":34},"end":{"line":6,"column":104}},"line":6},"3":{"name":"(anonymous_3)","decl":{"start":{"line":8,"column":19},"end":{"line":8,"column":20}},"loc":{"start":{"line":8,"column":34},"end":{"line":8,"column":59}},"line":8}},"branchMap":{"0":{"loc":{"start":{"line":2,"column":4},"end":{"line":11,"column":5}},"type":"switch","locations":[{"start":{"line":3,"column":8},"end":{"line":4,"column":36}},{"start":{"line":5,"column":8},"end":{"line":6,"column":105}},{"start":{"line":7,"column":8},"end":{"line":8,"column":60}},{"start":{"line":9,"column":8},"end":{"line":10,"column":71}}],"line":2}},"s":{"0":22,"1":1,"2":1,"3":19,"4":19,"5":1,"6":1,"7":1},"f":{"0":22,"1":1,"2":19,"3":1},"b":{"0":[1,19,1,1]},"_coverageSchema":"43e27e138ebf9cfc5966b082cf9a028302ed4184","hash":"c47d77e087b788fe1268d74d5f948760fc3711d5"}
,"/Users/marcuschandler/Desktop/react-bar-chart/src/BarChart/utils/animationUtils/loop/loop.ts": {"path":"/Users/marcuschandler/Desktop/react-bar-chart/src/BarChart/utils/animationUtils/loop/loop.ts","statementMap":{"0":{"start":{"line":3,"column":8},"end":{"line":3,"column":47}}},"fnMap":{"0":{"name":"loop","decl":{"start":{"line":2,"column":13},"end":{"line":2,"column":17}},"loc":{"start":{"line":2,"column":50},"end":{"line":4,"column":5}},"line":2}},"branchMap":{},"s":{"0":18},"f":{"0":18},"b":{},"_coverageSchema":"43e27e138ebf9cfc5966b082cf9a028302ed4184","hash":"3efab56b46e99174bb47b20154d16c5d7fe1882c"}
,"/Users/marcuschandler/Desktop/react-bar-chart/src/BarChart/utils/animationUtils/onFrame/onFrame.ts": {"path":"/Users/marcuschandler/Desktop/react-bar-chart/src/BarChart/utils/animationUtils/onFrame/onFrame.ts","statementMap":{"0":{"start":{"line":4,"column":4},"end":{"line":9,"column":6}},"1":{"start":{"line":5,"column":8},"end":{"line":8,"column":9}},"2":{"start":{"line":6,"column":12},"end":{"line":6,"column":40}},"3":{"start":{"line":7,"column":12},"end":{"line":7,"column":52}}},"fnMap":{"0":{"name":"onFrame","decl":{"start":{"line":3,"column":9},"end":{"line":3,"column":16}},"loc":{"start":{"line":3,"column":117},"end":{"line":10,"column":1}},"line":3},"1":{"name":"(anonymous_1)","decl":{"start":{"line":4,"column":11},"end":{"line":4,"column":12}},"loc":{"start":{"line":4,"column":17},"end":{"line":9,"column":5}},"line":4}},"branchMap":{"0":{"loc":{"start":{"line":5,"column":8},"end":{"line":8,"column":9}},"type":"if","locations":[{"start":{"line":5,"column":8},"end":{"line":8,"column":9}},{"start":{"line":5,"column":8},"end":{"line":8,"column":9}}],"line":5}},"s":{"0":23,"1":2,"2":1,"3":1},"f":{"0":23,"1":2},"b":{"0":[1,1]},"_coverageSchema":"43e27e138ebf9cfc5966b082cf9a028302ed4184","hash":"9fb9a025b679b65f812e68ccb1e6aac5531d73bb"}
,"/Users/marcuschandler/Desktop/react-bar-chart/src/BarChart/utils/animationUtils/onStart/onStart.ts": {"path":"/Users/marcuschandler/Desktop/react-bar-chart/src/BarChart/utils/animationUtils/onStart/onStart.ts","statementMap":{"0":{"start":{"line":9,"column":4},"end":{"line":12,"column":17}},"1":{"start":{"line":10,"column":12},"end":{"line":10,"column":49}},"2":{"start":{"line":11,"column":12},"end":{"line":11,"column":40}}},"fnMap":{"0":{"name":"onStart","decl":{"start":{"line":3,"column":9},"end":{"line":3,"column":16}},"loc":{"start":{"line":7,"column":22},"end":{"line":13,"column":1}},"line":7},"1":{"name":"(anonymous_1)","decl":{"start":{"line":9,"column":22},"end":{"line":9,"column":23}},"loc":{"start":{"line":9,"column":28},"end":{"line":12,"column":5}},"line":9}},"branchMap":{},"s":{"0":19,"1":1,"2":1},"f":{"0":19,"1":1},"b":{},"_coverageSchema":"43e27e138ebf9cfc5966b082cf9a028302ed4184","hash":"68315c7e7d0e18a4fd68712ceca10121e89903aa"}
,"/Users/marcuschandler/Desktop/react-bar-chart/src/BarChart/utils/animationUtils/setupAnimation/setupAnimation.ts": {"path":"/Users/marcuschandler/Desktop/react-bar-chart/src/BarChart/utils/animationUtils/setupAnimation/setupAnimation.ts","statementMap":{"0":{"start":{"line":8,"column":26},"end":{"line":8,"column":36}},"1":{"start":{"line":10,"column":4},"end":{"line":10,"column":61}},"2":{"start":{"line":12,"column":22},"end":{"line":12,"column":71}},"3":{"start":{"line":13,"column":23},"end":{"line":13,"column":97}},"4":{"start":{"line":13,"column":40},"end":{"line":13,"column":89}},"5":{"start":{"line":15,"column":4},"end":{"line":19,"column":6}},"6":{"start":{"line":16,"column":8},"end":{"line":16,"column":32}},"7":{"start":{"line":17,"column":8},"end":{"line":17,"column":33}},"8":{"start":{"line":18,"column":8},"end":{"line":18,"column":45}}},"fnMap":{"0":{"name":"setupAnimation","decl":{"start":{"line":6,"column":16},"end":{"line":6,"column":30}},"loc":{"start":{"line":6,"column":119},"end":{"line":20,"column":1}},"line":6},"1":{"name":"(anonymous_1)","decl":{"start":{"line":13,"column":34},"end":{"line":13,"column":35}},"loc":{"start":{"line":13,"column":40},"end":{"line":13,"column":89}},"line":13},"2":{"name":"(anonymous_2)","decl":{"start":{"line":15,"column":11},"end":{"line":15,"column":12}},"loc":{"start":{"line":15,"column":17},"end":{"line":19,"column":5}},"line":15}},"branchMap":{},"s":{"0":20,"1":20,"2":20,"3":20,"4":1,"5":20,"6":1,"7":1,"8":1},"f":{"0":20,"1":1,"2":1},"b":{},"_coverageSchema":"43e27e138ebf9cfc5966b082cf9a028302ed4184","hash":"1c33bd4d6fd590df15209ccc516304b9698cb5bb"}
,"/Users/marcuschandler/Desktop/react-bar-chart/src/BarChart/utils/axisUtils/applyAxisConfig/applyAxisConfig.ts": {"path":"/Users/marcuschandler/Desktop/react-bar-chart/src/BarChart/utils/axisUtils/applyAxisConfig/applyAxisConfig.ts","statementMap":{"0":{"start":{"line":7,"column":4},"end":{"line":15,"column":5}},"1":{"start":{"line":8,"column":8},"end":{"line":10,"column":9}},"2":{"start":{"line":9,"column":12},"end":{"line":9,"column":46}},"3":{"start":{"line":12,"column":8},"end":{"line":14,"column":9}},"4":{"start":{"line":13,"column":12},"end":{"line":13,"column":54}},"5":{"start":{"line":17,"column":4},"end":{"line":17,"column":17}}},"fnMap":{"0":{"name":"applyAxisConfig","decl":{"start":{"line":5,"column":16},"end":{"line":5,"column":31}},"loc":{"start":{"line":5,"column":71},"end":{"line":18,"column":1}},"line":5}},"branchMap":{"0":{"loc":{"start":{"line":7,"column":4},"end":{"line":15,"column":5}},"type":"if","locations":[{"start":{"line":7,"column":4},"end":{"line":15,"column":5}},{"start":{"line":7,"column":4},"end":{"line":15,"column":5}}],"line":7},"1":{"loc":{"start":{"line":8,"column":8},"end":{"line":10,"column":9}},"type":"if","locations":[{"start":{"line":8,"column":8},"end":{"line":10,"column":9}},{"start":{"line":8,"column":8},"end":{"line":10,"column":9}}],"line":8},"2":{"loc":{"start":{"line":12,"column":8},"end":{"line":14,"column":9}},"type":"if","locations":[{"start":{"line":12,"column":8},"end":{"line":14,"column":9}},{"start":{"line":12,"column":8},"end":{"line":14,"column":9}}],"line":12}},"s":{"0":104,"1":101,"2":10,"3":101,"4":14,"5":104},"f":{"0":104},"b":{"0":[101,3],"1":[10,91],"2":[14,87]},"_coverageSchema":"43e27e138ebf9cfc5966b082cf9a028302ed4184","hash":"a2e3531f310ca413b9e4f8ed2cf7b78711fb84eb"}
,"/Users/marcuschandler/Desktop/react-bar-chart/src/BarChart/utils/axisUtils/applyBucketPlacement/applyBucketPlacement.ts": {"path":"/Users/marcuschandler/Desktop/react-bar-chart/src/BarChart/utils/axisUtils/applyBucketPlacement/applyBucketPlacement.ts","statementMap":{"0":{"start":{"line":4,"column":17},"end":{"line":4,"column":52}},"1":{"start":{"line":6,"column":4},"end":{"line":6,"column":47}}},"fnMap":{"0":{"name":"applyBucketPlacement","decl":{"start":{"line":3,"column":16},"end":{"line":3,"column":36}},"loc":{"start":{"line":3,"column":74},"end":{"line":7,"column":1}},"line":3}},"branchMap":{},"s":{"0":42,"1":42},"f":{"0":42},"b":{},"_coverageSchema":"43e27e138ebf9cfc5966b082cf9a028302ed4184","hash":"394ccaff4c2fcfe893b7e6b88d3a7b77cf20377c"}
,"/Users/marcuschandler/Desktop/react-bar-chart/src/BarChart/utils/axisUtils/applyMargin/applyMargin.ts": {"path":"/Users/marcuschandler/Desktop/react-bar-chart/src/BarChart/utils/axisUtils/applyMargin/applyMargin.ts","statementMap":{"0":{"start":{"line":4,"column":4},"end":{"line":6,"column":5}},"1":{"start":{"line":5,"column":8},"end":{"line":5,"column":92}},"2":{"start":{"line":8,"column":4},"end":{"line":10,"column":5}},"3":{"start":{"line":9,"column":8},"end":{"line":9,"column":92}},"4":{"start":{"line":12,"column":4},"end":{"line":12,"column":88}}},"fnMap":{"0":{"name":"applyMargin","decl":{"start":{"line":3,"column":16},"end":{"line":3,"column":27}},"loc":{"start":{"line":3,"column":62},"end":{"line":13,"column":1}},"line":3}},"branchMap":{"0":{"loc":{"start":{"line":4,"column":4},"end":{"line":6,"column":5}},"type":"if","locations":[{"start":{"line":4,"column":4},"end":{"line":6,"column":5}},{"start":{"line":4,"column":4},"end":{"line":6,"column":5}}],"line":4},"1":{"loc":{"start":{"line":8,"column":4},"end":{"line":10,"column":5}},"type":"if","locations":[{"start":{"line":8,"column":4},"end":{"line":10,"column":5}},{"start":{"line":8,"column":4},"end":{"line":10,"column":5}}],"line":8}},"s":{"0":14,"1":1,"2":13,"3":1,"4":12},"f":{"0":14},"b":{"0":[1,13],"1":[1,12]},"_coverageSchema":"43e27e138ebf9cfc5966b082cf9a028302ed4184","hash":"4280e0b1249ea69ec76ceaf35b454257961a369a"}
,"/Users/marcuschandler/Desktop/react-bar-chart/src/BarChart/utils/axisUtils/applyZeroIntercept/applyZeroIntercept.ts": {"path":"/Users/marcuschandler/Desktop/react-bar-chart/src/BarChart/utils/axisUtils/applyZeroIntercept/applyZeroIntercept.ts","statementMap":{"0":{"start":{"line":4,"column":4},"end":{"line":6,"column":5}},"1":{"start":{"line":5,"column":8},"end":{"line":5,"column":36}},"2":{"start":{"line":8,"column":4},"end":{"line":10,"column":5}},"3":{"start":{"line":9,"column":8},"end":{"line":9,"column":36}},"4":{"start":{"line":12,"column":4},"end":{"line":12,"column":17}}},"fnMap":{"0":{"name":"applyZeroIntercept","decl":{"start":{"line":3,"column":16},"end":{"line":3,"column":34}},"loc":{"start":{"line":3,"column":53},"end":{"line":13,"column":1}},"line":3}},"branchMap":{"0":{"loc":{"start":{"line":4,"column":4},"end":{"line":6,"column":5}},"type":"if","locations":[{"start":{"line":4,"column":4},"end":{"line":6,"column":5}},{"start":{"line":4,"column":4},"end":{"line":6,"column":5}}],"line":4},"1":{"loc":{"start":{"line":8,"column":4},"end":{"line":10,"column":5}},"type":"if","locations":[{"start":{"line":8,"column":4},"end":{"line":10,"column":5}},{"start":{"line":8,"column":4},"end":{"line":10,"column":5}}],"line":8}},"s":{"0":13,"1":3,"2":10,"3":2,"4":8},"f":{"0":13},"b":{"0":[3,10],"1":[2,8]},"_coverageSchema":"43e27e138ebf9cfc5966b082cf9a028302ed4184","hash":"c802103b95ae83a7e52513a9a482ad1894bd3b40"}
,"/Users/marcuschandler/Desktop/react-bar-chart/src/BarChart/utils/axisUtils/calculateTickInterval/calculateTickInterval.ts": {"path":"/Users/marcuschandler/Desktop/react-bar-chart/src/BarChart/utils/axisUtils/calculateTickInterval/calculateTickInterval.ts","statementMap":{"0":{"start":{"line":4,"column":4},"end":{"line":6,"column":5}},"1":{"start":{"line":5,"column":8},"end":{"line":5,"column":86}},"2":{"start":{"line":7,"column":21},"end":{"line":7,"column":42}},"3":{"start":{"line":8,"column":18},"end":{"line":8,"column":42}},"4":{"start":{"line":9,"column":22},"end":{"line":9,"column":47}},"5":{"start":{"line":11,"column":4},"end":{"line":13,"column":5}},"6":{"start":{"line":12,"column":8},"end":{"line":12,"column":65}},"7":{"start":{"line":15,"column":4},"end":{"line":15,"column":62}}},"fnMap":{"0":{"name":"calculateTickInterval","decl":{"start":{"line":3,"column":9},"end":{"line":3,"column":30}},"loc":{"start":{"line":3,"column":85},"end":{"line":16,"column":1}},"line":3}},"branchMap":{"0":{"loc":{"start":{"line":3,"column":49},"end":{"line":3,"column":75}},"type":"default-arg","locations":[{"start":{"line":3,"column":71},"end":{"line":3,"column":75}}],"line":3},"1":{"loc":{"start":{"line":4,"column":4},"end":{"line":6,"column":5}},"type":"if","locations":[{"start":{"line":4,"column":4},"end":{"line":6,"column":5}},{"start":{"line":4,"column":4},"end":{"line":6,"column":5}}],"line":4},"2":{"loc":{"start":{"line":11,"column":4},"end":{"line":13,"column":5}},"type":"if","locations":[{"start":{"line":11,"column":4},"end":{"line":13,"column":5}},{"start":{"line":11,"column":4},"end":{"line":13,"column":5}}],"line":11}},"s":{"0":38,"1":2,"2":36,"3":36,"4":36,"5":36,"6":23,"7":13},"f":{"0":38},"b":{"0":[27],"1":[2,36],"2":[23,13]},"_coverageSchema":"43e27e138ebf9cfc5966b082cf9a028302ed4184","hash":"7fd39edf072ffb0e81a61f394eed7b1d4f03806a"}
,"/Users/marcuschandler/Desktop/react-bar-chart/src/BarChart/utils/axisUtils/extractMaximumAndMinimum/extractMaximumAndMinimum.testdata.ts": {"path":"/Users/marcuschandler/Desktop/react-bar-chart/src/BarChart/utils/axisUtils/extractMaximumAndMinimum/extractMaximumAndMinimum.testdata.ts","statementMap":{"0":{"start":{"line":4,"column":34},"end":{"line":80,"column":1}},"1":{"start":{"line":82,"column":30},"end":{"line":106,"column":1}},"2":{"start":{"line":108,"column":47},"end":{"line":108,"column":69}},"3":{"start":{"line":110,"column":43},"end":{"line":136,"column":1}}},"fnMap":{},"branchMap":{},"s":{"0":1,"1":1,"2":1,"3":1},"f":{},"b":{},"_coverageSchema":"43e27e138ebf9cfc5966b082cf9a028302ed4184","hash":"fa77807268a70979a0b330d0efcb8f22bd0acf87"}
,"/Users/marcuschandler/Desktop/react-bar-chart/src/BarChart/utils/axisUtils/extractMaximumAndMinimum/extractMaximumAndMinimum.ts": {"path":"/Users/marcuschandler/Desktop/react-bar-chart/src/BarChart/utils/axisUtils/extractMaximumAndMinimum/extractMaximumAndMinimum.ts","statementMap":{"0":{"start":{"line":6,"column":29},"end":{"line":6,"column":33}},"1":{"start":{"line":7,"column":29},"end":{"line":7,"column":33}},"2":{"start":{"line":9,"column":4},"end":{"line":22,"column":7}},"3":{"start":{"line":10,"column":8},"end":{"line":21,"column":11}},"4":{"start":{"line":11,"column":34},"end":{"line":11,"column":59}},"5":{"start":{"line":12,"column":26},"end":{"line":12,"column":79}},"6":{"start":{"line":13,"column":12},"end":{"line":20,"column":13}},"7":{"start":{"line":14,"column":16},"end":{"line":16,"column":17}},"8":{"start":{"line":15,"column":20},"end":{"line":15,"column":32}},"9":{"start":{"line":17,"column":16},"end":{"line":19,"column":17}},"10":{"start":{"line":18,"column":20},"end":{"line":18,"column":32}},"11":{"start":{"line":24,"column":4},"end":{"line":26,"column":5}},"12":{"start":{"line":25,"column":8},"end":{"line":25,"column":126}},"13":{"start":{"line":28,"column":4},"end":{"line":28,"column":24}}},"fnMap":{"0":{"name":"extractMaximumAndMinimum","decl":{"start":{"line":5,"column":9},"end":{"line":5,"column":33}},"loc":{"start":{"line":5,"column":77},"end":{"line":29,"column":1}},"line":5},"1":{"name":"(anonymous_1)","decl":{"start":{"line":9,"column":17},"end":{"line":9,"column":18}},"loc":{"start":{"line":9,"column":45},"end":{"line":22,"column":5}},"line":9},"2":{"name":"(anonymous_2)","decl":{"start":{"line":10,"column":34},"end":{"line":10,"column":35}},"loc":{"start":{"line":10,"column":56},"end":{"line":21,"column":9}},"line":10}},"branchMap":{"0":{"loc":{"start":{"line":12,"column":26},"end":{"line":12,"column":79}},"type":"cond-expr","locations":[{"start":{"line":12,"column":48},"end":{"line":12,"column":62}},{"start":{"line":12,"column":65},"end":{"line":12,"column":79}}],"line":12},"1":{"loc":{"start":{"line":13,"column":12},"end":{"line":20,"column":13}},"type":"if","locations":[{"start":{"line":13,"column":12},"end":{"line":20,"column":13}},{"start":{"line":13,"column":12},"end":{"line":20,"column":13}}],"line":13},"2":{"loc":{"start":{"line":14,"column":16},"end":{"line":16,"column":17}},"type":"if","locations":[{"start":{"line":14,"column":16},"end":{"line":16,"column":17}},{"start":{"line":14,"column":16},"end":{"line":16,"column":17}}],"line":14},"3":{"loc":{"start":{"line":14,"column":20},"end":{"line":14,"column":47}},"type":"binary-expr","locations":[{"start":{"line":14,"column":20},"end":{"line":14,"column":32}},{"start":{"line":14,"column":36},"end":{"line":14,"column":47}}],"line":14},"4":{"loc":{"start":{"line":17,"column":16},"end":{"line":19,"column":17}},"type":"if","locations":[{"start":{"line":17,"column":16},"end":{"line":19,"column":17}},{"start":{"line":17,"column":16},"end":{"line":19,"column":17}}],"line":17},"5":{"loc":{"start":{"line":17,"column":20},"end":{"line":17,"column":47}},"type":"binary-expr","locations":[{"start":{"line":17,"column":20},"end":{"line":17,"column":32}},{"start":{"line":17,"column":36},"end":{"line":17,"column":47}}],"line":17},"6":{"loc":{"start":{"line":24,"column":4},"end":{"line":26,"column":5}},"type":"if","locations":[{"start":{"line":24,"column":4},"end":{"line":26,"column":5}},{"start":{"line":24,"column":4},"end":{"line":26,"column":5}}],"line":24},"7":{"loc":{"start":{"line":24,"column":8},"end":{"line":24,"column":36}},"type":"binary-expr","locations":[{"start":{"line":24,"column":8},"end":{"line":24,"column":20}},{"start":{"line":24,"column":24},"end":{"line":24,"column":36}}],"line":24}},"s":{"0":163,"1":163,"2":163,"3":183,"4":550,"5":550,"6":550,"7":530,"8":176,"9":530,"10":462,"11":163,"12":2,"13":161},"f":{"0":163,"1":183,"2":550},"b":{"0":[420,130],"1":[530,20],"2":[176,354],"3":[530,369],"4":[462,68],"5":[530,369],"6":[2,161],"7":[163,161]},"_coverageSchema":"43e27e138ebf9cfc5966b082cf9a028302ed4184","hash":"82da49a58c7e3bfec02b2dff3767995a35c17f07"}
,"/Users/marcuschandler/Desktop/react-bar-chart/src/BarChart/utils/axisUtils/generateAxisLabels/extractDataType.ts": {"path":"/Users/marcuschandler/Desktop/react-bar-chart/src/BarChart/utils/axisUtils/generateAxisLabels/extractDataType.ts","statementMap":{"0":{"start":{"line":5,"column":32},"end":{"line":5,"column":36}},"1":{"start":{"line":6,"column":4},"end":{"line":13,"column":7}},"2":{"start":{"line":7,"column":24},"end":{"line":7,"column":75}},"3":{"start":{"line":8,"column":8},"end":{"line":12,"column":9}},"4":{"start":{"line":9,"column":12},"end":{"line":9,"column":27}},"5":{"start":{"line":10,"column":15},"end":{"line":12,"column":9}},"6":{"start":{"line":11,"column":12},"end":{"line":11,"column":124}},"7":{"start":{"line":14,"column":4},"end":{"line":16,"column":5}},"8":{"start":{"line":15,"column":8},"end":{"line":15,"column":110}},"9":{"start":{"line":18,"column":4},"end":{"line":18,"column":16}}},"fnMap":{"0":{"name":"extractDataType","decl":{"start":{"line":4,"column":16},"end":{"line":4,"column":31}},"loc":{"start":{"line":4,"column":80},"end":{"line":19,"column":1}},"line":4},"1":{"name":"(anonymous_1)","decl":{"start":{"line":6,"column":23},"end":{"line":6,"column":24}},"loc":{"start":{"line":6,"column":47},"end":{"line":13,"column":5}},"line":6}},"branchMap":{"0":{"loc":{"start":{"line":7,"column":24},"end":{"line":7,"column":75}},"type":"cond-expr","locations":[{"start":{"line":7,"column":46},"end":{"line":7,"column":59}},{"start":{"line":7,"column":62},"end":{"line":7,"column":75}}],"line":7},"1":{"loc":{"start":{"line":8,"column":8},"end":{"line":12,"column":9}},"type":"if","locations":[{"start":{"line":8,"column":8},"end":{"line":12,"column":9}},{"start":{"line":8,"column":8},"end":{"line":12,"column":9}}],"line":8},"2":{"loc":{"start":{"line":10,"column":15},"end":{"line":12,"column":9}},"type":"if","locations":[{"start":{"line":10,"column":15},"end":{"line":12,"column":9}},{"start":{"line":10,"column":15},"end":{"line":12,"column":9}}],"line":10},"3":{"loc":{"start":{"line":14,"column":4},"end":{"line":16,"column":5}},"type":"if","locations":[{"start":{"line":14,"column":4},"end":{"line":16,"column":5}},{"start":{"line":14,"column":4},"end":{"line":16,"column":5}}],"line":14}},"s":{"0":181,"1":181,"2":223,"3":223,"4":179,"5":44,"6":4,"7":177,"8":2,"9":175},"f":{"0":181,"1":223},"b":{"0":[190,33],"1":[179,44],"2":[4,40],"3":[2,175]},"_coverageSchema":"43e27e138ebf9cfc5966b082cf9a028302ed4184","hash":"d0d4691e13d585f42ee542ffb73c07e47f304d98"}
,"/Users/marcuschandler/Desktop/react-bar-chart/src/BarChart/utils/axisUtils/generateAxisLabels/generateAxisLabels.testdata.ts": {"path":"/Users/marcuschandler/Desktop/react-bar-chart/src/BarChart/utils/axisUtils/generateAxisLabels/generateAxisLabels.testdata.ts","statementMap":{"0":{"start":{"line":4,"column":37},"end":{"line":56,"column":1}},"1":{"start":{"line":58,"column":37},"end":{"line":110,"column":1}},"2":{"start":{"line":112,"column":30},"end":{"line":136,"column":1}},"3":{"start":{"line":138,"column":47},"end":{"line":138,"column":72}},"4":{"start":{"line":140,"column":43},"end":{"line":166,"column":1}},"5":{"start":{"line":168,"column":39},"end":{"line":220,"column":1}},"6":{"start":{"line":222,"column":38},"end":{"line":274,"column":1}},"7":{"start":{"line":276,"column":37},"end":{"line":328,"column":1}},"8":{"start":{"line":330,"column":41},"end":{"line":382,"column":1}}},"fnMap":{},"branchMap":{},"s":{"0":2,"1":2,"2":2,"3":2,"4":2,"5":2,"6":2,"7":2,"8":2},"f":{},"b":{},"_coverageSchema":"43e27e138ebf9cfc5966b082cf9a028302ed4184","hash":"cb56a40a36af90f21dd5dd2fcfed5a811e738fe1"}
,"/Users/marcuschandler/Desktop/react-bar-chart/src/BarChart/utils/axisUtils/generateAxisLabels/generateAxisLabels.ts": {"path":"/Users/marcuschandler/Desktop/react-bar-chart/src/BarChart/utils/axisUtils/generateAxisLabels/generateAxisLabels.ts","statementMap":{"0":{"start":{"line":14,"column":21},"end":{"line":14,"column":54}},"1":{"start":{"line":16,"column":4},"end":{"line":24,"column":5}},"2":{"start":{"line":19,"column":12},"end":{"line":19,"column":91}},"3":{"start":{"line":21,"column":12},"end":{"line":21,"column":83}},"4":{"start":{"line":23,"column":12},"end":{"line":23,"column":82}},"5":{"start":{"line":28,"column":59},"end":{"line":28,"column":61}},"6":{"start":{"line":30,"column":4},"end":{"line":34,"column":5}},"7":{"start":{"line":31,"column":8},"end":{"line":31,"column":42}},"8":{"start":{"line":33,"column":8},"end":{"line":33,"column":42}},"9":{"start":{"line":36,"column":25},"end":{"line":36,"column":53}},"10":{"start":{"line":37,"column":21},"end":{"line":37,"column":63}},"11":{"start":{"line":38,"column":33},"end":{"line":38,"column":34}},"12":{"start":{"line":39,"column":24},"end":{"line":39,"column":25}},"13":{"start":{"line":41,"column":4},"end":{"line":43,"column":5}},"14":{"start":{"line":42,"column":8},"end":{"line":42,"column":39}},"15":{"start":{"line":44,"column":31},"end":{"line":44,"column":45}},"16":{"start":{"line":46,"column":4},"end":{"line":50,"column":5}},"17":{"start":{"line":47,"column":8},"end":{"line":47,"column":70}},"18":{"start":{"line":48,"column":8},"end":{"line":48,"column":37}},"19":{"start":{"line":49,"column":8},"end":{"line":49,"column":19}},"20":{"start":{"line":52,"column":4},"end":{"line":52,"column":18}},"21":{"start":{"line":56,"column":4},"end":{"line":58,"column":5}},"22":{"start":{"line":57,"column":8},"end":{"line":57,"column":103}},"23":{"start":{"line":60,"column":59},"end":{"line":60,"column":61}},"24":{"start":{"line":62,"column":4},"end":{"line":66,"column":7}},"25":{"start":{"line":63,"column":8},"end":{"line":65,"column":11}},"26":{"start":{"line":64,"column":12},"end":{"line":64,"column":71}},"27":{"start":{"line":68,"column":4},"end":{"line":68,"column":18}}},"fnMap":{"0":{"name":"generateAxisLabels","decl":{"start":{"line":11,"column":9},"end":{"line":11,"column":27}},"loc":{"start":{"line":12,"column":75},"end":{"line":25,"column":1}},"line":12},"1":{"name":"generateScaledNumericAxisLabels","decl":{"start":{"line":27,"column":9},"end":{"line":27,"column":40}},"loc":{"start":{"line":27,"column":119},"end":{"line":53,"column":1}},"line":27},"2":{"name":"generateNamedAxisLabels","decl":{"start":{"line":55,"column":9},"end":{"line":55,"column":32}},"loc":{"start":{"line":55,"column":111},"end":{"line":69,"column":1}},"line":55},"3":{"name":"(anonymous_3)","decl":{"start":{"line":62,"column":23},"end":{"line":62,"column":24}},"loc":{"start":{"line":62,"column":45},"end":{"line":66,"column":5}},"line":62},"4":{"name":"(anonymous_4)","decl":{"start":{"line":63,"column":28},"end":{"line":63,"column":29}},"loc":{"start":{"line":63,"column":65},"end":{"line":65,"column":9}},"line":63}},"branchMap":{"0":{"loc":{"start":{"line":16,"column":4},"end":{"line":24,"column":5}},"type":"switch","locations":[{"start":{"line":17,"column":8},"end":{"line":17,"column":37}},{"start":{"line":18,"column":8},"end":{"line":19,"column":91}},{"start":{"line":20,"column":8},"end":{"line":21,"column":83}},{"start":{"line":22,"column":8},"end":{"line":23,"column":82}}],"line":16},"1":{"loc":{"start":{"line":30,"column":4},"end":{"line":34,"column":5}},"type":"if","locations":[{"start":{"line":30,"column":4},"end":{"line":34,"column":5}},{"start":{"line":30,"column":4},"end":{"line":34,"column":5}}],"line":30},"2":{"loc":{"start":{"line":56,"column":4},"end":{"line":58,"column":5}},"type":"if","locations":[{"start":{"line":56,"column":4},"end":{"line":58,"column":5}},{"start":{"line":56,"column":4},"end":{"line":58,"column":5}}],"line":56}},"s":{"0":26,"1":24,"2":19,"3":3,"4":2,"5":19,"6":19,"7":14,"8":5,"9":19,"10":19,"11":19,"12":19,"13":19,"14":28,"15":19,"16":19,"17":116,"18":116,"19":116,"20":19,"21":3,"22":1,"23":2,"24":2,"25":6,"26":12,"27":2},"f":{"0":26,"1":19,"2":3,"3":6,"4":12},"b":{"0":[19,19,3,2],"1":[14,5],"2":[1,2]},"_coverageSchema":"43e27e138ebf9cfc5966b082cf9a028302ed4184","hash":"6aff10134d336ce6197545efe2432ac411d33d89"}
,"/Users/marcuschandler/Desktop/react-bar-chart/src/BarChart/utils/axisUtils/getXAxisRange/getXAxisRange.ts": {"path":"/Users/marcuschandler/Desktop/react-bar-chart/src/BarChart/utils/axisUtils/getXAxisRange/getXAxisRange.ts","statementMap":{"0":{"start":{"line":12,"column":31},"end":{"line":12,"column":70}},"1":{"start":{"line":14,"column":4},"end":{"line":22,"column":5}},"2":{"start":{"line":17,"column":12},"end":{"line":17,"column":64}},"3":{"start":{"line":19,"column":12},"end":{"line":19,"column":62}},"4":{"start":{"line":21,"column":12},"end":{"line":21,"column":84}},"5":{"start":{"line":26,"column":32},"end":{"line":26,"column":43}},"6":{"start":{"line":28,"column":4},"end":{"line":32,"column":7}},"7":{"start":{"line":29,"column":8},"end":{"line":31,"column":11}},"8":{"start":{"line":30,"column":12},"end":{"line":30,"column":52}},"9":{"start":{"line":34,"column":4},"end":{"line":36,"column":5}},"10":{"start":{"line":35,"column":8},"end":{"line":35,"column":91}},"11":{"start":{"line":38,"column":27},"end":{"line":41,"column":5}},"12":{"start":{"line":43,"column":4},"end":{"line":48,"column":5}},"13":{"start":{"line":44,"column":8},"end":{"line":46,"column":9}},"14":{"start":{"line":45,"column":12},"end":{"line":45,"column":77}},"15":{"start":{"line":47,"column":8},"end":{"line":47,"column":47}},"16":{"start":{"line":50,"column":4},"end":{"line":50,"column":17}},"17":{"start":{"line":54,"column":27},"end":{"line":54,"column":75}},"18":{"start":{"line":55,"column":4},"end":{"line":60,"column":5}},"19":{"start":{"line":56,"column":8},"end":{"line":58,"column":9}},"20":{"start":{"line":57,"column":12},"end":{"line":57,"column":77}},"21":{"start":{"line":59,"column":8},"end":{"line":59,"column":47}},"22":{"start":{"line":62,"column":4},"end":{"line":62,"column":17}}},"fnMap":{"0":{"name":"getXAxisRange","decl":{"start":{"line":11,"column":16},"end":{"line":11,"column":29}},"loc":{"start":{"line":11,"column":77},"end":{"line":23,"column":1}},"line":11},"1":{"name":"extractNamedXAxisRange","decl":{"start":{"line":25,"column":9},"end":{"line":25,"column":31}},"loc":{"start":{"line":25,"column":79},"end":{"line":51,"column":1}},"line":25},"2":{"name":"(anonymous_2)","decl":{"start":{"line":28,"column":23},"end":{"line":28,"column":24}},"loc":{"start":{"line":28,"column":45},"end":{"line":32,"column":5}},"line":28},"3":{"name":"(anonymous_3)","decl":{"start":{"line":29,"column":28},"end":{"line":29,"column":29}},"loc":{"start":{"line":29,"column":50},"end":{"line":31,"column":9}},"line":29},"4":{"name":"extractNumericXAxisRange","decl":{"start":{"line":53,"column":9},"end":{"line":53,"column":33}},"loc":{"start":{"line":53,"column":81},"end":{"line":63,"column":1}},"line":53}},"branchMap":{"0":{"loc":{"start":{"line":14,"column":4},"end":{"line":22,"column":5}},"type":"switch","locations":[{"start":{"line":15,"column":8},"end":{"line":15,"column":37}},{"start":{"line":16,"column":8},"end":{"line":17,"column":64}},{"start":{"line":18,"column":8},"end":{"line":19,"column":62}},{"start":{"line":20,"column":8},"end":{"line":21,"column":84}}],"line":14},"1":{"loc":{"start":{"line":34,"column":4},"end":{"line":36,"column":5}},"type":"if","locations":[{"start":{"line":34,"column":4},"end":{"line":36,"column":5}},{"start":{"line":34,"column":4},"end":{"line":36,"column":5}}],"line":34},"2":{"loc":{"start":{"line":43,"column":4},"end":{"line":48,"column":5}},"type":"if","locations":[{"start":{"line":43,"column":4},"end":{"line":48,"column":5}},{"start":{"line":43,"column":4},"end":{"line":48,"column":5}}],"line":43},"3":{"loc":{"start":{"line":44,"column":8},"end":{"line":46,"column":9}},"type":"if","locations":[{"start":{"line":44,"column":8},"end":{"line":46,"column":9}},{"start":{"line":44,"column":8},"end":{"line":46,"column":9}}],"line":44},"4":{"loc":{"start":{"line":55,"column":4},"end":{"line":60,"column":5}},"type":"if","locations":[{"start":{"line":55,"column":4},"end":{"line":60,"column":5}},{"start":{"line":55,"column":4},"end":{"line":60,"column":5}}],"line":55},"5":{"loc":{"start":{"line":56,"column":8},"end":{"line":58,"column":9}},"type":"if","locations":[{"start":{"line":56,"column":8},"end":{"line":58,"column":9}},{"start":{"line":56,"column":8},"end":{"line":58,"column":9}}],"line":56}},"s":{"0":133,"1":133,"2":126,"3":6,"4":1,"5":6,"6":6,"7":6,"8":15,"9":6,"10":1,"11":5,"12":5,"13":2,"14":1,"15":2,"16":5,"17":126,"18":126,"19":75,"20":39,"21":75,"22":126},"f":{"0":133,"1":6,"2":6,"3":15,"4":126},"b":{"0":[124,126,6,1],"1":[1,5],"2":[2,3],"3":[1,1],"4":[75,51],"5":[39,36]},"_coverageSchema":"43e27e138ebf9cfc5966b082cf9a028302ed4184","hash":"233b9c156b43f4111afe6e86c1965bd887561c75"}
,"/Users/marcuschandler/Desktop/react-bar-chart/src/BarChart/utils/axisUtils/getYAxisRange/getYAxisRange.ts": {"path":"/Users/marcuschandler/Desktop/react-bar-chart/src/BarChart/utils/axisUtils/getYAxisRange/getYAxisRange.ts","statementMap":{"0":{"start":{"line":7,"column":27},"end":{"line":7,"column":69}},"1":{"start":{"line":9,"column":4},"end":{"line":11,"column":5}},"2":{"start":{"line":10,"column":8},"end":{"line":10,"column":47}},"3":{"start":{"line":13,"column":4},"end":{"line":13,"column":17}}},"fnMap":{"0":{"name":"getYAxisRange","decl":{"start":{"line":6,"column":16},"end":{"line":6,"column":29}},"loc":{"start":{"line":6,"column":71},"end":{"line":14,"column":1}},"line":6}},"branchMap":{"0":{"loc":{"start":{"line":9,"column":4},"end":{"line":11,"column":5}},"type":"if","locations":[{"start":{"line":9,"column":4},"end":{"line":11,"column":5}},{"start":{"line":9,"column":4},"end":{"line":11,"column":5}}],"line":9}},"s":{"0":31,"1":31,"2":18,"3":31},"f":{"0":31},"b":{"0":[18,13]},"_coverageSchema":"43e27e138ebf9cfc5966b082cf9a028302ed4184","hash":"89263aff005f1b63f0af69f44aff55881f9a5dea"}
,"/Users/marcuschandler/Desktop/react-bar-chart/src/BarChart/utils/hooks/useAnimation/useAnimation.ts": {"path":"/Users/marcuschandler/Desktop/react-bar-chart/src/BarChart/utils/hooks/useAnimation/useAnimation.ts","statementMap":{"0":{"start":{"line":10,"column":20},"end":{"line":10,"column":54}},"1":{"start":{"line":11,"column":14},"end":{"line":11,"column":45}},"2":{"start":{"line":13,"column":52},"end":{"line":13,"column":81}},"3":{"start":{"line":15,"column":4},"end":{"line":15,"column":30}}},"fnMap":{"0":{"name":"useAnimation","decl":{"start":{"line":5,"column":16},"end":{"line":5,"column":28}},"loc":{"start":{"line":9,"column":2},"end":{"line":16,"column":1}},"line":9}},"branchMap":{},"s":{"0":19,"1":19,"2":19,"3":19},"f":{"0":19},"b":{},"_coverageSchema":"43e27e138ebf9cfc5966b082cf9a028302ed4184","hash":"2608d855ec5c62f7f5dd9ab422a0b677b2ef0037"}
,"/Users/marcuschandler/Desktop/react-bar-chart/src/BarChart/utils/hooks/useAnimationTimer/useAnimationTimer.ts": {"path":"/Users/marcuschandler/Desktop/react-bar-chart/src/BarChart/utils/hooks/useAnimationTimer/useAnimationTimer.ts","statementMap":{"0":{"start":{"line":6,"column":31},"end":{"line":6,"column":42}},"1":{"start":{"line":8,"column":4},"end":{"line":12,"column":6}},"2":{"start":{"line":9,"column":8},"end":{"line":9,"column":49}},"3":{"start":{"line":14,"column":4},"end":{"line":14,"column":20}}},"fnMap":{"0":{"name":"useAnimationTimer","decl":{"start":{"line":4,"column":16},"end":{"line":4,"column":33}},"loc":{"start":{"line":4,"column":67},"end":{"line":15,"column":1}},"line":4},"1":{"name":"(anonymous_1)","decl":{"start":{"line":8,"column":14},"end":{"line":8,"column":15}},"loc":{"start":{"line":8,"column":20},"end":{"line":10,"column":5}},"line":8}},"branchMap":{},"s":{"0":18,"1":18,"2":18,"3":18},"f":{"0":18,"1":18},"b":{},"_coverageSchema":"43e27e138ebf9cfc5966b082cf9a028302ed4184","hash":"40d23c194a8b296b71e2715af3c65c1cdd436569"}
}
