TN:
SF:/Users/marcuschandler/Desktop/react-bar-chart/src/BarChart/BarChart.tsx
FN:19,(anonymous_0)
FNF:1
FNH:1
FNDA:1,(anonymous_0)
DA:19,1
DA:20,1
LF:2
LH:2
BRF:0
BRH:0
end_of_record
TN:
SF:/Users/marcuschandler/Desktop/react-bar-chart/src/BarChart/components/AxisTickLabel/AxisTickLabel.tsx
FN:12,(anonymous_0)
FN:17,(anonymous_1)
FNF:2
FNH:2
FNDA:18,(anonymous_0)
FNDA:12,(anonymous_1)
DA:12,1
DA:13,18
DA:14,18
DA:15,18
DA:17,18
DA:18,12
DA:19,8
DA:21,8
DA:23,4
DA:24,4
DA:28,18
LF:11
LH:11
BRDA:18,0,0,8
BRDA:18,0,1,4
BRF:2
BRH:2
end_of_record
TN:
SF:/Users/marcuschandler/Desktop/react-bar-chart/src/BarChart/components/Bar/Bar.tsx
FN:26,getBarEndingHeight
FN:37,getZeroPoint
FN:41,getY
FN:50,(anonymous_3)
FN:56,(anonymous_4)
FNF:5
FNH:5
FNDA:18,getBarEndingHeight
FNDA:18,getZeroPoint
FNDA:18,getY
FNDA:19,(anonymous_3)
FNDA:18,(anonymous_4)
DA:27,18
DA:28,18
DA:30,18
DA:31,6
DA:34,12
DA:38,18
DA:43,18
DA:44,6
DA:47,12
DA:50,1
DA:52,19
DA:53,18
DA:54,18
DA:55,18
DA:56,18
DA:57,18
DA:58,6
DA:61,12
DA:64,18
LF:19
LH:19
BRDA:30,0,0,6
BRDA:30,0,1,12
BRDA:43,1,0,6
BRDA:43,1,1,12
BRDA:57,2,0,6
BRDA:57,2,1,12
BRDA:68,3,0,12
BRDA:68,3,1,6
BRF:8
BRH:8
end_of_record
TN:
SF:/Users/marcuschandler/Desktop/react-bar-chart/src/BarChart/components/Bar/utils/getBarXPosition.ts
FN:6,getBarXPosition
FN:20,getNumericBarXPosition
FN:38,getNamedBarXPosition
FNF:3
FNH:3
FNDA:19,getBarXPosition
FNDA:9,getNumericBarXPosition
FNDA:9,getNamedBarXPosition
DA:7,19
DA:8,19
DA:10,19
DA:12,9
DA:14,9
DA:16,1
DA:21,9
DA:23,9
DA:24,3
DA:26,3
DA:32,6
DA:39,9
DA:41,9
DA:42,3
DA:44,3
DA:50,6
LF:16
LH:16
BRDA:10,0,0,9
BRDA:10,0,1,9
BRDA:10,0,2,1
BRDA:23,1,0,3
BRDA:23,1,1,6
BRDA:41,2,0,3
BRDA:41,2,1,6
BRF:7
BRH:7
end_of_record
TN:
SF:/Users/marcuschandler/Desktop/react-bar-chart/src/BarChart/components/BarPlot/BarPlot.tsx
FN:21,(anonymous_0)
FN:24,(anonymous_1)
FN:26,(anonymous_2)
FN:59,(anonymous_3)
FNF:4
FNH:4
FNDA:10,(anonymous_0)
FNDA:10,(anonymous_1)
FNDA:30,(anonymous_2)
FNDA:10,(anonymous_3)
DA:21,1
DA:22,10
DA:24,10
DA:25,10
DA:30,30
DA:31,20
DA:46,10
DA:51,10
DA:52,10
DA:53,10
DA:54,10
DA:56,10
DA:60,10
DA:70,10
LF:14
LH:14
BRDA:30,0,0,20
BRDA:30,0,1,10
BRDA:30,1,0,30
BRDA:30,1,1,25
BRDA:53,2,0,8
BRDA:53,2,1,2
BRF:6
BRH:6
end_of_record
TN:
SF:/Users/marcuschandler/Desktop/react-bar-chart/src/BarChart/components/XAxis/XAxis.tsx
FN:8,(anonymous_0)
FNF:1
FNH:1
FNDA:12,(anonymous_0)
DA:8,1
DA:9,12
DA:11,12
LF:3
LH:3
BRF:0
BRH:0
end_of_record
TN:
SF:/Users/marcuschandler/Desktop/react-bar-chart/src/BarChart/components/XAxis/utils/getTickTextXPosition.ts
FN:6,getTickTextXPosition
FN:31,getNumericTickTextXPosition
FNF:2
FNH:2
FNDA:53,getTickTextXPosition
FNDA:49,getNumericTickTextXPosition
DA:12,53
DA:15,51
DA:17,51
DA:18,3
DA:21,48
DA:24,1
DA:27,1
DA:32,49
DA:33,49
DA:34,49
DA:35,49
DA:36,49
DA:37,17
DA:39,17
DA:42,32
LF:15
LH:15
BRDA:12,0,0,46
BRDA:12,0,1,51
BRDA:12,0,2,1
BRDA:12,0,3,1
BRDA:17,1,0,3
BRDA:17,1,1,48
BRDA:36,2,0,17
BRDA:36,2,1,32
BRDA:36,3,0,49
BRDA:36,3,1,32
BRF:10
BRH:10
end_of_record
TN:
SF:/Users/marcuschandler/Desktop/react-bar-chart/src/BarChart/components/XAxis/utils/getTickXPosition.ts
FN:6,getTickXPosition
FN:30,getNumericTickXPosition
FNF:2
FNH:2
FNDA:53,getTickXPosition
FNDA:49,getNumericTickXPosition
DA:11,53
DA:14,51
DA:16,51
DA:17,3
DA:20,48
DA:23,1
DA:26,1
DA:31,49
DA:32,49
DA:33,49
DA:34,49
DA:36,49
DA:37,17
DA:39,17
DA:42,32
LF:15
LH:15
BRDA:11,0,0,46
BRDA:11,0,1,51
BRDA:11,0,2,1
BRDA:11,0,3,1
BRDA:16,1,0,3
BRDA:16,1,1,48
BRDA:36,2,0,17
BRDA:36,2,1,32
BRDA:36,3,0,49
BRDA:36,3,1,32
BRF:10
BRH:10
end_of_record
TN:
SF:/Users/marcuschandler/Desktop/react-bar-chart/src/BarChart/components/XAxis/utils/getXAxisYPos.ts
FN:3,getXAxisYPos
FNF:1
FNH:1
FNDA:12,getXAxisYPos
DA:4,12
DA:5,12
DA:6,12
DA:7,12
DA:8,3
DA:10,9
LF:6
LH:6
BRDA:7,0,0,3
BRDA:7,0,1,9
BRF:2
BRH:2
end_of_record
TN:
SF:/Users/marcuschandler/Desktop/react-bar-chart/src/BarChart/components/XAxisTicks/XAxisTicks.tsx
FN:11,renderTick
FN:47,(anonymous_1)
FN:53,(anonymous_2)
FNF:3
FNH:3
FNDA:45,renderTick
FNDA:12,(anonymous_1)
FNDA:45,(anonymous_2)
DA:20,45
DA:22,45
DA:47,1
DA:50,12
DA:52,12
DA:54,45
DA:55,45
DA:57,45
LF:8
LH:8
BRDA:18,0,0,45
BRDA:20,1,0,12
BRDA:20,1,1,33
BRF:3
BRH:3
end_of_record
TN:
SF:/Users/marcuschandler/Desktop/react-bar-chart/src/BarChart/components/YAxis/YAxis.tsx
FN:11,getYAxisXPos
FN:17,renderTicks
FN:29,(anonymous_2)
FN:57,(anonymous_3)
FNF:4
FNH:4
FNDA:2,getYAxisXPos
FNDA:2,renderTicks
FNDA:8,(anonymous_2)
FNDA:2,(anonymous_3)
DA:12,2
DA:14,2
DA:21,2
DA:23,2
DA:24,2
DA:25,2
DA:27,2
DA:30,8
DA:34,8
DA:57,1
DA:59,2
DA:61,2
LF:12
LH:12
BRDA:25,0,0,1
BRDA:25,0,1,1
BRF:2
BRH:2
end_of_record
TN:
SF:/Users/marcuschandler/Desktop/react-bar-chart/src/BarChart/enums/Axis.ts
FNF:0
FNH:0
LF:0
LH:0
BRF:0
BRH:0
end_of_record
TN:
SF:/Users/marcuschandler/Desktop/react-bar-chart/src/BarChart/enums/DataType.ts
FNF:0
FNH:0
LF:0
LH:0
BRF:0
BRH:0
end_of_record
TN:
SF:/Users/marcuschandler/Desktop/react-bar-chart/src/BarChart/enums/Placement.ts
FNF:0
FNH:0
LF:0
LH:0
BRF:0
BRH:0
end_of_record
TN:
SF:/Users/marcuschandler/Desktop/react-bar-chart/src/BarChart/utils/animationUtils/getEasingFunction/getEasingFunction.ts
FN:1,getEasingFunction
FN:4,(anonymous_1)
FN:6,(anonymous_2)
FN:8,(anonymous_3)
FNF:4
FNH:4
FNDA:22,getEasingFunction
FNDA:1,(anonymous_1)
FNDA:19,(anonymous_2)
FNDA:1,(anonymous_3)
DA:2,22
DA:4,1
DA:6,19
DA:8,1
DA:10,1
LF:5
LH:5
BRDA:2,0,0,1
BRDA:2,0,1,19
BRDA:2,0,2,1
BRDA:2,0,3,1
BRF:4
BRH:4
end_of_record
TN:
SF:/Users/marcuschandler/Desktop/react-bar-chart/src/BarChart/utils/animationUtils/loop/loop.ts
FN:2,loop
FNF:1
FNH:1
FNDA:18,loop
DA:3,18
LF:1
LH:1
BRF:0
BRH:0
end_of_record
TN:
SF:/Users/marcuschandler/Desktop/react-bar-chart/src/BarChart/utils/animationUtils/onFrame/onFrame.ts
FN:3,onFrame
FN:4,(anonymous_1)
FNF:2
FNH:2
FNDA:23,onFrame
FNDA:2,(anonymous_1)
DA:4,23
DA:5,2
DA:6,1
DA:7,1
LF:4
LH:4
BRDA:5,0,0,1
BRDA:5,0,1,1
BRF:2
BRH:2
end_of_record
TN:
SF:/Users/marcuschandler/Desktop/react-bar-chart/src/BarChart/utils/animationUtils/onStart/onStart.ts
FN:3,onStart
FN:9,(anonymous_1)
FNF:2
FNH:2
FNDA:19,onStart
FNDA:1,(anonymous_1)
DA:9,19
DA:10,1
DA:11,1
LF:3
LH:3
BRF:0
BRH:0
end_of_record
TN:
SF:/Users/marcuschandler/Desktop/react-bar-chart/src/BarChart/utils/animationUtils/setupAnimation/setupAnimation.ts
FN:6,setupAnimation
FN:13,(anonymous_1)
FN:15,(anonymous_2)
FNF:3
FNH:3
FNDA:20,setupAnimation
FNDA:1,(anonymous_1)
FNDA:1,(anonymous_2)
DA:8,20
DA:10,20
DA:12,20
DA:13,20
DA:15,20
DA:16,1
DA:17,1
DA:18,1
LF:8
LH:8
BRF:0
BRH:0
end_of_record
TN:
SF:/Users/marcuschandler/Desktop/react-bar-chart/src/BarChart/utils/axisUtils/applyAxisConfig/applyAxisConfig.ts
FN:5,applyAxisConfig
FNF:1
FNH:1
FNDA:104,applyAxisConfig
DA:7,104
DA:8,101
DA:9,10
DA:12,101
DA:13,14
DA:17,104
LF:6
LH:6
BRDA:7,0,0,101
BRDA:7,0,1,3
BRDA:8,1,0,10
BRDA:8,1,1,91
BRDA:12,2,0,14
BRDA:12,2,1,87
BRF:6
BRH:6
end_of_record
TN:
SF:/Users/marcuschandler/Desktop/react-bar-chart/src/BarChart/utils/axisUtils/applyBucketPlacement/applyBucketPlacement.ts
FN:3,applyBucketPlacement
FNF:1
FNH:1
FNDA:42,applyBucketPlacement
DA:4,42
DA:6,42
LF:2
LH:2
BRF:0
BRH:0
end_of_record
TN:
SF:/Users/marcuschandler/Desktop/react-bar-chart/src/BarChart/utils/axisUtils/applyMargin/applyMargin.ts
FN:3,applyMargin
FNF:1
FNH:1
FNDA:14,applyMargin
DA:4,14
DA:5,1
DA:8,13
DA:9,1
DA:12,12
LF:5
LH:5
BRDA:4,0,0,1
BRDA:4,0,1,13
BRDA:8,1,0,1
BRDA:8,1,1,12
BRF:4
BRH:4
end_of_record
TN:
SF:/Users/marcuschandler/Desktop/react-bar-chart/src/BarChart/utils/axisUtils/applyZeroIntercept/applyZeroIntercept.ts
FN:3,applyZeroIntercept
FNF:1
FNH:1
FNDA:13,applyZeroIntercept
DA:4,13
DA:5,3
DA:8,10
DA:9,2
DA:12,8
LF:5
LH:5
BRDA:4,0,0,3
BRDA:4,0,1,10
BRDA:8,1,0,2
BRDA:8,1,1,8
BRF:4
BRH:4
end_of_record
TN:
SF:/Users/marcuschandler/Desktop/react-bar-chart/src/BarChart/utils/axisUtils/calculateTickInterval/calculateTickInterval.ts
FN:3,calculateTickInterval
FNF:1
FNH:1
FNDA:38,calculateTickInterval
DA:4,38
DA:5,2
DA:7,36
DA:8,36
DA:9,36
DA:11,36
DA:12,23
DA:15,13
LF:8
LH:8
BRDA:3,0,0,27
BRDA:4,1,0,2
BRDA:4,1,1,36
BRDA:11,2,0,23
BRDA:11,2,1,13
BRF:5
BRH:5
end_of_record
TN:
SF:/Users/marcuschandler/Desktop/react-bar-chart/src/BarChart/utils/axisUtils/extractMaximumAndMinimum/extractMaximumAndMinimum.testdata.ts
FNF:0
FNH:0
DA:4,1
DA:82,1
DA:108,1
DA:110,1
LF:4
LH:4
BRF:0
BRH:0
end_of_record
TN:
SF:/Users/marcuschandler/Desktop/react-bar-chart/src/BarChart/utils/axisUtils/extractMaximumAndMinimum/extractMaximumAndMinimum.ts
FN:5,extractMaximumAndMinimum
FN:9,(anonymous_1)
FN:10,(anonymous_2)
FNF:3
FNH:3
FNDA:163,extractMaximumAndMinimum
FNDA:183,(anonymous_1)
FNDA:550,(anonymous_2)
DA:6,163
DA:7,163
DA:9,163
DA:10,183
DA:11,550
DA:12,550
DA:13,550
DA:14,530
DA:15,176
DA:17,530
DA:18,462
DA:24,163
DA:25,2
DA:28,161
LF:14
LH:14
BRDA:12,0,0,420
BRDA:12,0,1,130
BRDA:13,1,0,530
BRDA:13,1,1,20
BRDA:14,2,0,176
BRDA:14,2,1,354
BRDA:14,3,0,530
BRDA:14,3,1,369
BRDA:17,4,0,462
BRDA:17,4,1,68
BRDA:17,5,0,530
BRDA:17,5,1,369
BRDA:24,6,0,2
BRDA:24,6,1,161
BRDA:24,7,0,163
BRDA:24,7,1,161
BRF:16
BRH:16
end_of_record
TN:
SF:/Users/marcuschandler/Desktop/react-bar-chart/src/BarChart/utils/axisUtils/generateAxisLabels/extractDataType.ts
FN:4,extractDataType
FN:6,(anonymous_1)
FNF:2
FNH:2
FNDA:181,extractDataType
FNDA:223,(anonymous_1)
DA:5,181
DA:6,181
DA:7,223
DA:8,223
DA:9,179
DA:10,44
DA:11,4
DA:14,177
DA:15,2
DA:18,175
LF:10
LH:10
BRDA:7,0,0,190
BRDA:7,0,1,33
BRDA:8,1,0,179
BRDA:8,1,1,44
BRDA:10,2,0,4
BRDA:10,2,1,40
BRDA:14,3,0,2
BRDA:14,3,1,175
BRF:8
BRH:8
end_of_record
TN:
SF:/Users/marcuschandler/Desktop/react-bar-chart/src/BarChart/utils/axisUtils/generateAxisLabels/generateAxisLabels.testdata.ts
FNF:0
FNH:0
DA:4,2
DA:58,2
DA:112,2
DA:138,2
DA:140,2
DA:168,2
DA:222,2
DA:276,2
DA:330,2
LF:9
LH:9
BRF:0
BRH:0
end_of_record
TN:
SF:/Users/marcuschandler/Desktop/react-bar-chart/src/BarChart/utils/axisUtils/generateAxisLabels/generateAxisLabels.ts
FN:11,generateAxisLabels
FN:27,generateScaledNumericAxisLabels
FN:55,generateNamedAxisLabels
FN:62,(anonymous_3)
FN:63,(anonymous_4)
FNF:5
FNH:5
FNDA:26,generateAxisLabels
FNDA:19,generateScaledNumericAxisLabels
FNDA:3,generateNamedAxisLabels
FNDA:6,(anonymous_3)
FNDA:12,(anonymous_4)
DA:14,26
DA:16,24
DA:19,19
DA:21,3
DA:23,2
DA:28,19
DA:30,19
DA:31,14
DA:33,5
DA:36,19
DA:37,19
DA:38,19
DA:39,19
DA:41,19
DA:42,28
DA:44,19
DA:46,19
DA:47,116
DA:48,116
DA:49,116
DA:52,19
DA:56,3
DA:57,1
DA:60,2
DA:62,2
DA:63,6
DA:64,12
DA:68,2
LF:28
LH:28
BRDA:16,0,0,19
BRDA:16,0,1,19
BRDA:16,0,2,3
BRDA:16,0,3,2
BRDA:30,1,0,14
BRDA:30,1,1,5
BRDA:56,2,0,1
BRDA:56,2,1,2
BRF:8
BRH:8
end_of_record
TN:
SF:/Users/marcuschandler/Desktop/react-bar-chart/src/BarChart/utils/axisUtils/getXAxisRange/getXAxisRange.ts
FN:11,getXAxisRange
FN:25,extractNamedXAxisRange
FN:28,(anonymous_2)
FN:29,(anonymous_3)
FN:53,extractNumericXAxisRange
FNF:5
FNH:5
FNDA:133,getXAxisRange
FNDA:6,extractNamedXAxisRange
FNDA:6,(anonymous_2)
FNDA:15,(anonymous_3)
FNDA:126,extractNumericXAxisRange
DA:12,133
DA:14,133
DA:17,126
DA:19,6
DA:21,1
DA:26,6
DA:28,6
DA:29,6
DA:30,15
DA:34,6
DA:35,1
DA:38,5
DA:43,5
DA:44,2
DA:45,1
DA:47,2
DA:50,5
DA:54,126
DA:55,126
DA:56,75
DA:57,39
DA:59,75
DA:62,126
LF:23
LH:23
BRDA:14,0,0,124
BRDA:14,0,1,126
BRDA:14,0,2,6
BRDA:14,0,3,1
BRDA:34,1,0,1
BRDA:34,1,1,5
BRDA:43,2,0,2
BRDA:43,2,1,3
BRDA:44,3,0,1
BRDA:44,3,1,1
BRDA:55,4,0,75
BRDA:55,4,1,51
BRDA:56,5,0,39
BRDA:56,5,1,36
BRF:14
BRH:14
end_of_record
TN:
SF:/Users/marcuschandler/Desktop/react-bar-chart/src/BarChart/utils/axisUtils/getYAxisRange/getYAxisRange.ts
FN:6,getYAxisRange
FNF:1
FNH:1
FNDA:31,getYAxisRange
DA:7,31
DA:9,31
DA:10,18
DA:13,31
LF:4
LH:4
BRDA:9,0,0,18
BRDA:9,0,1,13
BRF:2
BRH:2
end_of_record
TN:
SF:/Users/marcuschandler/Desktop/react-bar-chart/src/BarChart/utils/hooks/useAnimation/useAnimation.ts
FN:5,useAnimation
FNF:1
FNH:1
FNDA:19,useAnimation
DA:10,19
DA:11,19
DA:13,19
DA:15,19
LF:4
LH:4
BRF:0
BRH:0
end_of_record
TN:
SF:/Users/marcuschandler/Desktop/react-bar-chart/src/BarChart/utils/hooks/useAnimationTimer/useAnimationTimer.ts
FN:4,useAnimationTimer
FN:8,(anonymous_1)
FNF:2
FNH:2
FNDA:18,useAnimationTimer
FNDA:18,(anonymous_1)
DA:6,18
DA:8,18
DA:9,18
DA:14,18
LF:4
LH:4
BRF:0
BRH:0
end_of_record
